android-heart-rate-monitor-master/app/build/intermediates/manifest_merge_blame_file/debug/manifest-merger-blame-debug-report.txt
1<?xml version="1.0" encoding="utf-8"?>
2<manifest xmlns:android="http://schemas.android.com/apk/res/android"
3    package="com.jwetherell.heart_rate_monitor"
4    android:versionCode="1"
5    android:versionName="1.0" >
6
7    <uses-sdk
7-->src\main\AndroidManifest.xml:7:5-72
8        android:minSdkVersion="7"
8-->src\main\AndroidManifest.xml:7:15-40
9        android:targetSdkVersion="23" />
9-->src\main\AndroidManifest.xml:7:41-70
10
11    <uses-feature android:name="android.hardware.camera" />
11-->src\main\AndroidManifest.xml:9:5-59
11-->src\main\AndroidManifest.xml:9:19-57
12    <uses-feature android:name="android.hardware.camera.flash" />
12-->src\main\AndroidManifest.xml:10:5-65
12-->src\main\AndroidManifest.xml:10:19-63
13
14    <uses-permission android:name="android.permission.CAMERA" />
14-->src\main\AndroidManifest.xml:11:5-64
14-->src\main\AndroidManifest.xml:11:22-62
15    <uses-permission android:name="android.permission.WAKE_LOCK" />
15-->src\main\AndroidManifest.xml:12:5-67
15-->src\main\AndroidManifest.xml:12:22-65
16
17    <application
17-->src\main\AndroidManifest.xml:14:5-26:19
18        android:allowBackup="true"
18-->src\main\AndroidManifest.xml:17:9-35
19        android:debuggable="true"
20        android:icon="@drawable/icon"
20-->src\main\AndroidManifest.xml:14:19-48
21        android:label="@string/app_name"
21-->src\main\AndroidManifest.xml:15:9-41
22        android:testOnly="true"
23        android:theme="@android:style/Theme.NoTitleBar.Fullscreen" >
23-->src\main\AndroidManifest.xml:16:9-67
24        <activity
24-->src\main\AndroidManifest.xml:18:9-25:20
25            android:name="com.jwetherell.heart_rate_monitor.HeartRateMonitor"
25-->src\main\AndroidManifest.xml:18:19-51
26            android:configChanges="keyboardHidden|orientation"
26-->src\main\AndroidManifest.xml:19:19-69
27            android:screenOrientation="portrait" >
27-->src\main\AndroidManifest.xml:20:19-55
28            <intent-filter>
28-->src\main\AndroidManifest.xml:21:13-24:29
29                <action android:name="android.intent.action.MAIN" />
29-->src\main\AndroidManifest.xml:22:17-69
29-->src\main\AndroidManifest.xml:22:25-66
30
31                <category android:name="android.intent.category.LAUNCHER" />
31-->src\main\AndroidManifest.xml:23:17-77
31-->src\main\AndroidManifest.xml:23:27-74
32            </intent-filter>
33        </activity>
34    </application>
35
36</manifest>